Build started 12/30/2021 2:35:57 PM.
     1>Project "C:\Users\Mister Unpredictable\OneDrive\Desktop\The Dx Ball 1.0\The Dx Ball 1.0\The Dx Ball 1.0.vcxproj" on node 2 (Build target(s)).
     1>ClCompile:
         E:\visual studio 13\VC\bin\CL.exe /c /ZI /nologo /W3 /WX- /sdl /Od /Oy- /D _MBCS /Gm /EHsc /RTC1 /MDd /GS /fp:precise /Zc:wchar_t /Zc:forScope /Fo"Debug\\" /Fd"Debug\vc120.pdb" /Gd /TP /analyze- /errorReport:prompt iMain.cpp
         iMain.cpp
     1>c:\users\mister unpredictable\onedrive\desktop\the dx ball 1.0\the dx ball 1.0\imain.cpp(117): error C3861: 'swap': identifier not found
     1>Done Building Project "C:\Users\Mister Unpredictable\OneDrive\Desktop\The Dx Ball 1.0\The Dx Ball 1.0\The Dx Ball 1.0.vcxproj" (Build target(s)) -- FAILED.

Build FAILED.

Time Elapsed 00:00:08.51
